<?xml version="1.0" encoding="UTF-8"?>
<!-- Generated by org.testng.reporters.JUnitXMLReporter -->
<testsuite ignored="6" hostname="saritha" failures="0" tests="5" name="car loan" time="0.111" errors="0" timestamp="2023-07-18T22:42:16 IST">
  <testcase classname="TestNG.dayone" name="mobileLoginCarLoan" time="0.006"/>
  <testcase classname="TestNG.daytwo" name="loginApiHomeLoan" time="0.004"/>
  <testcase classname="TestNG.daytwo" name="webLoginHomeLoan" time="0.007"/>
  <testcase classname="TestNG.tests" name="name" time="0.003"/>
  <testcase classname="TestNG.tests" name="regular" time="0.005"/>
  <testcase classname="TestNG.daytwo" name="mobilesignoutHomeLoan" time="0.0">
    <ignored/>
  </testcase> <!-- mobilesignoutHomeLoan -->
  <testcase classname="TestNG.daytwo" name="mobilesignupHomeLoan" time="0.0">
    <ignored/>
  </testcase> <!-- mobilesignupHomeLoan -->
  <testcase classname="TestNG.dayone" name="loginApiCarLoan" time="0.0">
    <ignored/>
  </testcase> <!-- loginApiCarLoan -->
  <testcase classname="TestNG.daytwo" name="mobileLoginHomeLoan" time="0.0">
    <ignored/>
  </testcase> <!-- mobileLoginHomeLoan -->
  <testcase classname="TestNG.dayone" name="webLoginCarLoan" time="0.0">
    <ignored/>
  </testcase> <!-- webLoginCarLoan -->
  <testcase classname="TestNG.daytwo" name="mobilesigninHomeLoan" time="0.0">
    <ignored/>
  </testcase> <!-- mobilesigninHomeLoan -->
</testsuite> <!-- car loan -->
