<?xml version="1.0" encoding="UTF-8"?>
<!-- Generated by org.testng.reporters.JUnitXMLReporter -->
<testsuite ignored="0" hostname="saritha" failures="1" tests="9" name="car loan" time="0.154" errors="0" timestamp="2023-07-24T15:14:37 IST">
  <testcase classname="TestNG.dayone" name="loginApiCarLoan" time="0.0">
    <failure type="java.lang.RuntimeException" message="java.lang.StackOverflowError">
      <![CDATA[java.lang.RuntimeException: java.lang.StackOverflowError
at java.base/java.util.ArrayList.forEach(ArrayList.java:1511)
Caused by: java.lang.StackOverflowError
at TestNG.dayone.getData(dayone.java:46)
at TestNG.dayone.getData(dayone.java:46)
at TestNG.dayone.getData(dayone.java:46)
at TestNG.dayone.getData(dayone.java:46)
at TestNG.dayone.getData(dayone.java:46)
at TestNG.dayone.getData(dayone.java:46)
at TestNG.dayone.getData(dayone.java:46)
at TestNG.dayone.getData(dayone.java:46)
at TestNG.dayone.getData(dayone.java:46)
at TestNG.dayone.getData(dayone.java:46)
at TestNG.dayone.getData(dayone.java:46)
at TestNG.dayone.getData(dayone.java:46)
at TestNG.dayone.getData(dayone.java:46)
at TestNG.dayone.getData(dayone.java:46)
at TestNG.dayone.getData(dayone.java:46)
at TestNG.dayone.getData(dayone.java:46)
at TestNG.dayone.getData(dayone.java:46)
at TestNG.dayone.getData(dayone.java:46)
at TestNG.dayone.getData(dayone.java:46)
at TestNG.dayone.getData(dayone.java:46)
at TestNG.dayone.getData(dayone.java:46)
at TestNG.dayone.getData(dayone.java:46)
at TestNG.dayone.getData(dayone.java:46)
at TestNG.dayone.getData(dayone.java:46)
at TestNG.dayone.getData(dayone.java:46)
at TestNG.dayone.getData(dayone.java:46)
at TestNG.dayone.getData(dayone.java:46)
at TestNG.dayone.getData(dayone.java:46)
at TestNG.dayone.getData(dayone.java:46)
at TestNG.dayone.getData(dayone.java:46)
at TestNG.dayone.getData(dayone.java:46)
at TestNG.dayone.getData(dayone.java:46)
at TestNG.dayone.getData(dayone.java:46)
at TestNG.dayone.getData(dayone.java:46)
at TestNG.dayone.getData(dayone.java:46)
at TestNG.dayone.getData(dayone.java:46)
at TestNG.dayone.getData(dayone.java:46)
at TestNG.dayone.getData(dayone.java:46)
at TestNG.dayone.getData(dayone.java:46)
at TestNG.dayone.getData(dayone.java:46)
at TestNG.dayone.getData(dayone.java:46)
at TestNG.dayone.getData(dayone.java:46)
at TestNG.dayone.getData(dayone.java:46)
at TestNG.dayone.getData(dayone.java:46)
at TestNG.dayone.getData(dayone.java:46)
at TestNG.dayone.getData(dayone.java:46)
at TestNG.dayone.getData(dayone.java:46)
at TestNG.dayone.getData(dayone.java:46)
at TestNG.dayone.getData(dayone.java:46)
at TestNG.dayone.getData(dayone.java:46)
at TestNG.dayone.getData(dayone.java:46)
at TestNG.dayone.getData(dayone.java:46)
at TestNG.dayone.getData(dayone.java:46)
at TestNG.dayone.getData(dayone.java:46)
at TestNG.dayone.getData(dayone.java:46)
at TestNG.dayone.getData(dayone.java:46)
at TestNG.dayone.getData(dayone.java:46)
at TestNG.dayone.getData(dayone.java:46)
at TestNG.dayone.getData(dayone.java:46)
at TestNG.dayone.getData(dayone.java:46)
at TestNG.dayone.getData(dayone.java:46)
at TestNG.dayone.getData(dayone.java:46)
at TestNG.dayone.getData(dayone.java:46)
at TestNG.dayone.getData(dayone.java:46)
at TestNG.dayone.getData(dayone.java:46)
at TestNG.dayone.getData(dayone.java:46)
at TestNG.dayone.getData(dayone.java:46)
at TestNG.dayone.getData(dayone.java:46)
at TestNG.dayone.getData(dayone.java:46)
at TestNG.dayone.getData(dayone.java:46)
at TestNG.dayone.getData(dayone.java:46)
at TestNG.dayone.getData(dayone.java:46)
at TestNG.dayone.getData(dayone.java:46)
at TestNG.dayone.getData(dayone.java:46)
at TestNG.dayone.getData(dayone.java:46)
at TestNG.dayone.getData(dayone.java:46)
at TestNG.dayone.getData(dayone.java:46)
at TestNG.dayone.getData(dayone.java:46)
at TestNG.dayone.getData(dayone.java:46)
at TestNG.dayone.getData(dayone.java:46)
at TestNG.dayone.getData(dayone.java:46)
at TestNG.dayone.getData(dayone.java:46)
at TestNG.dayone.getData(dayone.java:46)
at TestNG.dayone.getData(dayone.java:46)
at TestNG.dayone.getData(dayone.java:46)
at TestNG.dayone.getData(dayone.java:46)
at TestNG.dayone.getData(dayone.java:46)
at TestNG.dayone.getData(dayone.java:46)
at TestNG.dayone.getData(dayone.java:46)
at TestNG.dayone.getData(dayone.java:46)
at TestNG.dayone.getData(dayone.java:46)
at TestNG.dayone.getData(dayone.java:46)
at TestNG.dayone.getData(dayone.java:46)
at TestNG.dayone.getData(dayone.java:46)
at TestNG.dayone.getData(dayone.java:46)
at TestNG.dayone.getData(dayone.java:46)
at TestNG.dayone.getData(dayone.java:46)
at TestNG.dayone.getData(dayone.java:46)
at TestNG.dayone.getData(dayone.java:46)
at TestNG.dayone.getData(dayone.java:46)
at TestNG.dayone.getData(dayone.java:46)
at TestNG.dayone.getData(dayone.java:46)
at TestNG.dayone.getData(dayone.java:46)
at TestNG.dayone.getData(dayone.java:46)
at TestNG.dayone.getData(dayone.java:46)
at TestNG.dayone.getData(dayone.java:46)
at TestNG.dayone.getData(dayone.java:46)
at TestNG.dayone.getData(dayone.java:46)
at TestNG.dayone.getData(dayone.java:46)
at TestNG.dayone.getData(dayone.java:46)
at TestNG.dayone.getData(dayone.java:46)
at TestNG.dayone.getData(dayone.java:46)
at TestNG.dayone.getData(dayone.java:46)
at TestNG.dayone.getData(dayone.java:46)
at TestNG.dayone.getData(dayone.java:46)
at TestNG.dayone.getData(dayone.java:46)
at TestNG.dayone.getData(dayone.java:46)
at TestNG.dayone.getData(dayone.java:46)
at TestNG.dayone.getData(dayone.java:46)
at TestNG.dayone.getData(dayone.java:46)
at TestNG.dayone.getData(dayone.java:46)
at TestNG.dayone.getData(dayone.java:46)
at TestNG.dayone.getData(dayone.java:46)
at TestNG.dayone.getData(dayone.java:46)
at TestNG.dayone.getData(dayone.java:46)
at TestNG.dayone.getData(dayone.java:46)
at TestNG.dayone.getData(dayone.java:46)
at TestNG.dayone.getData(dayone.java:46)
at TestNG.dayone.getData(dayone.java:46)
at TestNG.dayone.getData(dayone.java:46)
at TestNG.dayone.getData(dayone.java:46)
at TestNG.dayone.getData(dayone.java:46)
at TestNG.dayone.getData(dayone.java:46)
at TestNG.dayone.getData(dayone.java:46)
at TestNG.dayone.getData(dayone.java:46)
at TestNG.dayone.getData(dayone.java:46)
at TestNG.dayone.getData(dayone.java:46)
at TestNG.dayone.getData(dayone.java:46)
at TestNG.dayone.getData(dayone.java:46)
at TestNG.dayone.getData(dayone.java:46)
at TestNG.dayone.getData(dayone.java:46)
at TestNG.dayone.getData(dayone.java:46)
at TestNG.dayone.getData(dayone.java:46)
at TestNG.dayone.getData(dayone.java:46)
at TestNG.dayone.getData(dayone.java:46)
at TestNG.dayone.getData(dayone.java:46)
at TestNG.dayone.getData(dayone.java:46)
at TestNG.dayone.getData(dayone.java:46)
at TestNG.dayone.getData(dayone.java:46)
at TestNG.dayone.getData(dayone.java:46)
at TestNG.dayone.getData(dayone.java:46)
at TestNG.dayone.getData(dayone.java:46)
at TestNG.dayone.getData(dayone.java:46)
at TestNG.dayone.getData(dayone.java:46)
at TestNG.dayone.getData(dayone.java:46)
at TestNG.dayone.getData(dayone.java:46)
at TestNG.dayone.getData(dayone.java:46)
at TestNG.dayone.getData(dayone.java:46)
at TestNG.dayone.getData(dayone.java:46)
at TestNG.dayone.getData(dayone.java:46)
at TestNG.dayone.getData(dayone.java:46)
at TestNG.dayone.getData(dayone.java:46)
at TestNG.dayone.getData(dayone.java:46)
at TestNG.dayone.getData(dayone.java:46)
at TestNG.dayone.getData(dayone.java:46)
at TestNG.dayone.getData(dayone.java:46)
at TestNG.dayone.getData(dayone.java:46)
at TestNG.dayone.getData(dayone.java:46)
at TestNG.dayone.getData(dayone.java:46)
at TestNG.dayone.getData(dayone.java:46)
at TestNG.dayone.getData(dayone.java:46)
at TestNG.dayone.getData(dayone.java:46)
at TestNG.dayone.getData(dayone.java:46)
at TestNG.dayone.getData(dayone.java:46)
at TestNG.dayone.getData(dayone.java:46)
at TestNG.dayone.getData(dayone.java:46)
at TestNG.dayone.getData(dayone.java:46)
at TestNG.dayone.getData(dayone.java:46)
at TestNG.dayone.getData(dayone.java:46)
at TestNG.dayone.getData(dayone.java:46)
at TestNG.dayone.getData(dayone.java:46)
at TestNG.dayone.getData(dayone.java:46)
at TestNG.dayone.getData(dayone.java:46)
at TestNG.dayone.getData(dayone.java:46)
at TestNG.dayone.getData(dayone.java:46)
at TestNG.dayone.getData(dayone.java:46)
at TestNG.dayone.getData(dayone.java:46)
at TestNG.dayone.getData(dayone.java:46)
at TestNG.dayone.getData(dayone.java:46)
at TestNG.dayone.getData(dayone.java:46)
at TestNG.dayone.getData(dayone.java:46)
at TestNG.dayone.getData(dayone.java:46)
at TestNG.dayone.getData(dayone.java:46)
at TestNG.dayone.getData(dayone.java:46)
at TestNG.dayone.getData(dayone.java:46)
at TestNG.dayone.getData(dayone.java:46)
at TestNG.dayone.getData(dayone.java:46)
at TestNG.dayone.getData(dayone.java:46)
at TestNG.dayone.getData(dayone.java:46)
at TestNG.dayone.getData(dayone.java:46)
at TestNG.dayone.getData(dayone.java:46)
at TestNG.dayone.getData(dayone.java:46)
at TestNG.dayone.getData(dayone.java:46)
at TestNG.dayone.getData(dayone.java:46)
at TestNG.dayone.getData(dayone.java:46)
at TestNG.dayone.getData(dayone.java:46)
at TestNG.dayone.getData(dayone.java:46)
at TestNG.dayone.getData(dayone.java:46)
at TestNG.dayone.getData(dayone.java:46)
at TestNG.dayone.getData(dayone.java:46)
at TestNG.dayone.getData(dayone.java:46)
at TestNG.dayone.getData(dayone.java:46)
at TestNG.dayone.getData(dayone.java:46)
at TestNG.dayone.getData(dayone.java:46)
at TestNG.dayone.getData(dayone.java:46)
at TestNG.dayone.getData(dayone.java:46)
at TestNG.dayone.getData(dayone.java:46)
at TestNG.dayone.getData(dayone.java:46)
at TestNG.dayone.getData(dayone.java:46)
at TestNG.dayone.getData(dayone.java:46)
at TestNG.dayone.getData(dayone.java:46)
at TestNG.dayone.getData(dayone.java:46)
at TestNG.dayone.getData(dayone.java:46)
at TestNG.dayone.getData(dayone.java:46)
at TestNG.dayone.getData(dayone.java:46)
at TestNG.dayone.getData(dayone.java:46)
at TestNG.dayone.getData(dayone.java:46)
at TestNG.dayone.getData(dayone.java:46)
at TestNG.dayone.getData(dayone.java:46)
at TestNG.dayone.getData(dayone.java:46)
at TestNG.dayone.getData(dayone.java:46)
at TestNG.dayone.getData(dayone.java:46)
at TestNG.dayone.getData(dayone.java:46)
at TestNG.dayone.getData(dayone.java:46)
at TestNG.dayone.getData(dayone.java:46)
at TestNG.dayone.getData(dayone.java:46)
at TestNG.dayone.getData(dayone.java:46)
at TestNG.dayone.getData(dayone.java:46)
at TestNG.dayone.getData(dayone.java:46)
at TestNG.dayone.getData(dayone.java:46)
at TestNG.dayone.getData(dayone.java:46)
at TestNG.dayone.getData(dayone.java:46)
at TestNG.dayone.getData(dayone.java:46)
at TestNG.dayone.getData(dayone.java:46)
at TestNG.dayone.getData(dayone.java:46)
at TestNG.dayone.getData(dayone.java:46)
at TestNG.dayone.getData(dayone.java:46)
at TestNG.dayone.getData(dayone.java:46)
at TestNG.dayone.getData(dayone.java:46)
at TestNG.dayone.getData(dayone.java:46)
at TestNG.dayone.getData(dayone.java:46)
at TestNG.dayone.getData(dayone.java:46)
at TestNG.dayone.getData(dayone.java:46)
at TestNG.dayone.getData(dayone.java:46)
at TestNG.dayone.getData(dayone.java:46)
at TestNG.dayone.getData(dayone.java:46)
at TestNG.dayone.getData(dayone.java:46)
at TestNG.dayone.getData(dayone.java:46)
at TestNG.dayone.getData(dayone.java:46)
at TestNG.dayone.getData(dayone.java:46)
at TestNG.dayone.getData(dayone.java:46)
at TestNG.dayone.getData(dayone.java:46)
at TestNG.dayone.getData(dayone.java:46)
at TestNG.dayone.getData(dayone.java:46)
at TestNG.dayone.getData(dayone.java:46)
at TestNG.dayone.getData(dayone.java:46)
at TestNG.dayone.getData(dayone.java:46)
at TestNG.dayone.getData(dayone.java:46)
at TestNG.dayone.getData(dayone.java:46)
at TestNG.dayone.getData(dayone.java:46)
at TestNG.dayone.getData(dayone.java:46)
at TestNG.dayone.getData(dayone.java:46)
at TestNG.dayone.getData(dayone.java:46)
at TestNG.dayone.getData(dayone.java:46)
at TestNG.dayone.getData(dayone.java:46)
at TestNG.dayone.getData(dayone.java:46)
at TestNG.dayone.getData(dayone.java:46)
at TestNG.dayone.getData(dayone.java:46)
at TestNG.dayone.getData(dayone.java:46)
at TestNG.dayone.getData(dayone.java:46)
at TestNG.dayone.getData(dayone.java:46)
at TestNG.dayone.getData(dayone.java:46)
at TestNG.dayone.getData(dayone.java:46)
at TestNG.dayone.getData(dayone.java:46)
at TestNG.dayone.getData(dayone.java:46)
at TestNG.dayone.getData(dayone.java:46)
at TestNG.dayone.getData(dayone.java:46)
at TestNG.dayone.getData(dayone.java:46)
at TestNG.dayone.getData(dayone.java:46)
at TestNG.dayone.getData(dayone.java:46)
at TestNG.dayone.getData(dayone.java:46)
at TestNG.dayone.getData(dayone.java:46)
at TestNG.dayone.getData(dayone.java:46)
at TestNG.dayone.getData(dayone.java:46)
at TestNG.dayone.getData(dayone.java:46)
at TestNG.dayone.getData(dayone.java:46)
at TestNG.dayone.getData(dayone.java:46)
at TestNG.dayone.getData(dayone.java:46)
at TestNG.dayone.getData(dayone.java:46)
at TestNG.dayone.getData(dayone.java:46)
at TestNG.dayone.getData(dayone.java:46)
at TestNG.dayone.getData(dayone.java:46)
at TestNG.dayone.getData(dayone.java:46)
at TestNG.dayone.getData(dayone.java:46)
at TestNG.dayone.getData(dayone.java:46)
at TestNG.dayone.getData(dayone.java:46)
at TestNG.dayone.getData(dayone.java:46)
at TestNG.dayone.getData(dayone.java:46)
at TestNG.dayone.getData(dayone.java:46)
at TestNG.dayone.getData(dayone.java:46)
at TestNG.dayone.getData(dayone.java:46)
at TestNG.dayone.getData(dayone.java:46)
at TestNG.dayone.getData(dayone.java:46)
at TestNG.dayone.getData(dayone.java:46)
at TestNG.dayone.getData(dayone.java:46)
at TestNG.dayone.getData(dayone.java:46)
at TestNG.dayone.getData(dayone.java:46)
at TestNG.dayone.getData(dayone.java:46)
at TestNG.dayone.getData(dayone.java:46)
at TestNG.dayone.getData(dayone.java:46)
at TestNG.dayone.getData(dayone.java:46)
at TestNG.dayone.getData(dayone.java:46)
at TestNG.dayone.getData(dayone.java:46)
at TestNG.dayone.getData(dayone.java:46)
at TestNG.dayone.getData(dayone.java:46)
at TestNG.dayone.getData(dayone.java:46)
at TestNG.dayone.getData(dayone.java:46)
at TestNG.dayone.getData(dayone.java:46)
at TestNG.dayone.getData(dayone.java:46)
at TestNG.dayone.getData(dayone.java:46)
at TestNG.dayone.getData(dayone.java:46)
at TestNG.dayone.getData(dayone.java:46)
at TestNG.dayone.getData(dayone.java:46)
at TestNG.dayone.getData(dayone.java:46)
at TestNG.dayone.getData(dayone.java:46)
at TestNG.dayone.getData(dayone.java:46)
at TestNG.dayone.getData(dayone.java:46)
at TestNG.dayone.getData(dayone.java:46)
at TestNG.dayone.getData(dayone.java:46)
at TestNG.dayone.getData(dayone.java:46)
at TestNG.dayone.getData(dayone.java:46)
at TestNG.dayone.getData(dayone.java:46)
at TestNG.dayone.getData(dayone.java:46)
at TestNG.dayone.getData(dayone.java:46)
at TestNG.dayone.getData(dayone.java:46)
at TestNG.dayone.getData(dayone.java:46)
at TestNG.dayone.getData(dayone.java:46)
at TestNG.dayone.getData(dayone.java:46)
at TestNG.dayone.getData(dayone.java:46)
at TestNG.dayone.getData(dayone.java:46)
at TestNG.dayone.getData(dayone.java:46)
at TestNG.dayone.getData(dayone.java:46)
at TestNG.dayone.getData(dayone.java:46)
at TestNG.dayone.getData(dayone.java:46)
at TestNG.dayone.getData(dayone.java:46)
at TestNG.dayone.getData(dayone.java:46)
at TestNG.dayone.getData(dayone.java:46)
at TestNG.dayone.getData(dayone.java:46)
at TestNG.dayone.getData(dayone.java:46)
at TestNG.dayone.getData(dayone.java:46)
at TestNG.dayone.getData(dayone.java:46)
at TestNG.dayone.getData(dayone.java:46)
at TestNG.dayone.getData(dayone.java:46)
at TestNG.dayone.getData(dayone.java:46)
at TestNG.dayone.getData(dayone.java:46)
at TestNG.dayone.getData(dayone.java:46)
at TestNG.dayone.getData(dayone.java:46)
at TestNG.dayone.getData(dayone.java:46)
at TestNG.dayone.getData(dayone.java:46)
at TestNG.dayone.getData(dayone.java:46)
at TestNG.dayone.getData(dayone.java:46)
at TestNG.dayone.getData(dayone.java:46)
at TestNG.dayone.getData(dayone.java:46)
at TestNG.dayone.getData(dayone.java:46)
at TestNG.dayone.getData(dayone.java:46)
at TestNG.dayone.getData(dayone.java:46)
at TestNG.dayone.getData(dayone.java:46)
at TestNG.dayone.getData(dayone.java:46)
at TestNG.dayone.getData(dayone.java:46)
at TestNG.dayone.getData(dayone.java:46)
at TestNG.dayone.getData(dayone.java:46)
at TestNG.dayone.getData(dayone.java:46)
at TestNG.dayone.getData(dayone.java:46)
at TestNG.dayone.getData(dayone.java:46)
at TestNG.dayone.getData(dayone.java:46)
at TestNG.dayone.getData(dayone.java:46)
at TestNG.dayone.getData(dayone.java:46)
at TestNG.dayone.getData(dayone.java:46)
at TestNG.dayone.getData(dayone.java:46)
at TestNG.dayone.getData(dayone.java:46)
at TestNG.dayone.getData(dayone.java:46)
at TestNG.dayone.getData(dayone.java:46)
at TestNG.dayone.getData(dayone.java:46)
at TestNG.dayone.getData(dayone.java:46)
at TestNG.dayone.getData(dayone.java:46)
at TestNG.dayone.getData(dayone.java:46)
at TestNG.dayone.getData(dayone.java:46)
at TestNG.dayone.getData(dayone.java:46)
at TestNG.dayone.getData(dayone.java:46)
at TestNG.dayone.getData(dayone.java:46)
at TestNG.dayone.getData(dayone.java:46)
at TestNG.dayone.getData(dayone.java:46)
at TestNG.dayone.getData(dayone.java:46)
at TestNG.dayone.getData(dayone.java:46)
at TestNG.dayone.getData(dayone.java:46)
at TestNG.dayone.getData(dayone.java:46)
at TestNG.dayone.getData(dayone.java:46)
at TestNG.dayone.getData(dayone.java:46)
at TestNG.dayone.getData(dayone.java:46)
at TestNG.dayone.getData(dayone.java:46)
at TestNG.dayone.getData(dayone.java:46)
at TestNG.dayone.getData(dayone.java:46)
at TestNG.dayone.getData(dayone.java:46)
at TestNG.dayone.getData(dayone.java:46)
at TestNG.dayone.getData(dayone.java:46)
at TestNG.dayone.getData(dayone.java:46)
at TestNG.dayone.getData(dayone.java:46)
at TestNG.dayone.getData(dayone.java:46)
at TestNG.dayone.getData(dayone.java:46)
at TestNG.dayone.getData(dayone.java:46)
at TestNG.dayone.getData(dayone.java:46)
at TestNG.dayone.getData(dayone.java:46)
at TestNG.dayone.getData(dayone.java:46)
at TestNG.dayone.getData(dayone.java:46)
at TestNG.dayone.getData(dayone.java:46)
at TestNG.dayone.getData(dayone.java:46)
at TestNG.dayone.getData(dayone.java:46)
at TestNG.dayone.getData(dayone.java:46)
at TestNG.dayone.getData(dayone.java:46)
at TestNG.dayone.getData(dayone.java:46)
at TestNG.dayone.getData(dayone.java:46)
at TestNG.dayone.getData(dayone.java:46)
at TestNG.dayone.getData(dayone.java:46)
at TestNG.dayone.getData(dayone.java:46)
at TestNG.dayone.getData(dayone.java:46)
at TestNG.dayone.getData(dayone.java:46)
at TestNG.dayone.getData(dayone.java:46)
at TestNG.dayone.getData(dayone.java:46)
at TestNG.dayone.getData(dayone.java:46)
at TestNG.dayone.getData(dayone.java:46)
at TestNG.dayone.getData(dayone.java:46)
at TestNG.dayone.getData(dayone.java:46)
at TestNG.dayone.getData(dayone.java:46)
at TestNG.dayone.getData(dayone.java:46)
at TestNG.dayone.getData(dayone.java:46)
at TestNG.dayone.getData(dayone.java:46)
at TestNG.dayone.getData(dayone.java:46)
at TestNG.dayone.getData(dayone.java:46)
at TestNG.dayone.getData(dayone.java:46)
at TestNG.dayone.getData(dayone.java:46)
at TestNG.dayone.getData(dayone.java:46)
at TestNG.dayone.getData(dayone.java:46)
at TestNG.dayone.getData(dayone.java:46)
at TestNG.dayone.getData(dayone.java:46)
at TestNG.dayone.getData(dayone.java:46)
at TestNG.dayone.getData(dayone.java:46)
at TestNG.dayone.getData(dayone.java:46)
at TestNG.dayone.getData(dayone.java:46)
at TestNG.dayone.getData(dayone.java:46)
at TestNG.dayone.getData(dayone.java:46)
at TestNG.dayone.getData(dayone.java:46)
at TestNG.dayone.getData(dayone.java:46)
at TestNG.dayone.getData(dayone.java:46)
at TestNG.dayone.getData(dayone.java:46)
at TestNG.dayone.getData(dayone.java:46)
at TestNG.dayone.getData(dayone.java:46)
at TestNG.dayone.getData(dayone.java:46)
at TestNG.dayone.getData(dayone.java:46)
at TestNG.dayone.getData(dayone.java:46)
at TestNG.dayone.getData(dayone.java:46)
at TestNG.dayone.getData(dayone.java:46)
at TestNG.dayone.getData(dayone.java:46)
at TestNG.dayone.getData(dayone.java:46)
at TestNG.dayone.getData(dayone.java:46)
at TestNG.dayone.getData(dayone.java:46)
at TestNG.dayone.getData(dayone.java:46)
at TestNG.dayone.getData(dayone.java:46)
at TestNG.dayone.getData(dayone.java:46)
at TestNG.dayone.getData(dayone.java:46)
at TestNG.dayone.getData(dayone.java:46)
at TestNG.dayone.getData(dayone.java:46)
at TestNG.dayone.getData(dayone.java:46)
at TestNG.dayone.getData(dayone.java:46)
at TestNG.dayone.getData(dayone.java:46)
at TestNG.dayone.getData(dayone.java:46)
at TestNG.dayone.getData(dayone.java:46)
at TestNG.dayone.getData(dayone.java:46)
at TestNG.dayone.getData(dayone.java:46)
at TestNG.dayone.getData(dayone.java:46)
at TestNG.dayone.getData(dayone.java:46)
at TestNG.dayone.getData(dayone.java:46)
at TestNG.dayone.getData(dayone.java:46)
at TestNG.dayone.getData(dayone.java:46)
at TestNG.dayone.getData(dayone.java:46)
at TestNG.dayone.getData(dayone.java:46)
at TestNG.dayone.getData(dayone.java:46)
at TestNG.dayone.getData(dayone.java:46)
at TestNG.dayone.getData(dayone.java:46)
at TestNG.dayone.getData(dayone.java:46)
at TestNG.dayone.getData(dayone.java:46)
at TestNG.dayone.getData(dayone.java:46)
at TestNG.dayone.getData(dayone.java:46)
at TestNG.dayone.getData(dayone.java:46)
at TestNG.dayone.getData(dayone.java:46)
at TestNG.dayone.getData(dayone.java:46)
at TestNG.dayone.getData(dayone.java:46)
at TestNG.dayone.getData(dayone.java:46)
at TestNG.dayone.getData(dayone.java:46)
at TestNG.dayone.getData(dayone.java:46)
at TestNG.dayone.getData(dayone.java:46)
at TestNG.dayone.getData(dayone.java:46)
at TestNG.dayone.getData(dayone.java:46)
at TestNG.dayone.getData(dayone.java:46)
at TestNG.dayone.getData(dayone.java:46)
at TestNG.dayone.getData(dayone.java:46)
at TestNG.dayone.getData(dayone.java:46)
at TestNG.dayone.getData(dayone.java:46)
at TestNG.dayone.getData(dayone.java:46)
at TestNG.dayone.getData(dayone.java:46)
at TestNG.dayone.getData(dayone.java:46)
at TestNG.dayone.getData(dayone.java:46)
at TestNG.dayone.getData(dayone.java:46)
at TestNG.dayone.getData(dayone.java:46)
at TestNG.dayone.getData(dayone.java:46)
at TestNG.dayone.getData(dayone.java:46)
at TestNG.dayone.getData(dayone.java:46)
at TestNG.dayone.getData(dayone.java:46)
at TestNG.dayone.getData(dayone.java:46)
at TestNG.dayone.getData(dayone.java:46)
at TestNG.dayone.getData(dayone.java:46)
at TestNG.dayone.getData(dayone.java:46)
at TestNG.dayone.getData(dayone.java:46)
at TestNG.dayone.getData(dayone.java:46)
at TestNG.dayone.getData(dayone.java:46)
at TestNG.dayone.getData(dayone.java:46)
at TestNG.dayone.getData(dayone.java:46)
at TestNG.dayone.getData(dayone.java:46)
at TestNG.dayone.getData(dayone.java:46)
at TestNG.dayone.getData(dayone.java:46)
at TestNG.dayone.getData(dayone.java:46)
at TestNG.dayone.getData(dayone.java:46)
at TestNG.dayone.getData(dayone.java:46)
at TestNG.dayone.getData(dayone.java:46)
at TestNG.dayone.getData(dayone.java:46)
at TestNG.dayone.getData(dayone.java:46)
at TestNG.dayone.getData(dayone.java:46)
at TestNG.dayone.getData(dayone.java:46)
at TestNG.dayone.getData(dayone.java:46)
at TestNG.dayone.getData(dayone.java:46)
at TestNG.dayone.getData(dayone.java:46)
at TestNG.dayone.getData(dayone.java:46)
at TestNG.dayone.getData(dayone.java:46)
at TestNG.dayone.getData(dayone.java:46)
at TestNG.dayone.getData(dayone.java:46)
at TestNG.dayone.getData(dayone.java:46)
at TestNG.dayone.getData(dayone.java:46)
at TestNG.dayone.getData(dayone.java:46)
at TestNG.dayone.getData(dayone.java:46)
at TestNG.dayone.getData(dayone.java:46)
at TestNG.dayone.getData(dayone.java:46)
at TestNG.dayone.getData(dayone.java:46)
at TestNG.dayone.getData(dayone.java:46)
at TestNG.dayone.getData(dayone.java:46)
at TestNG.dayone.getData(dayone.java:46)
at TestNG.dayone.getData(dayone.java:46)
at TestNG.dayone.getData(dayone.java:46)
at TestNG.dayone.getData(dayone.java:46)
at TestNG.dayone.getData(dayone.java:46)
at TestNG.dayone.getData(dayone.java:46)
at TestNG.dayone.getData(dayone.java:46)
at TestNG.dayone.getData(dayone.java:46)
at TestNG.dayone.getData(dayone.java:46)
at TestNG.dayone.getData(dayone.java:46)
at TestNG.dayone.getData(dayone.java:46)
at TestNG.dayone.getData(dayone.java:46)
at TestNG.dayone.getData(dayone.java:46)
at TestNG.dayone.getData(dayone.java:46)
at TestNG.dayone.getData(dayone.java:46)
at TestNG.dayone.getData(dayone.java:46)
at TestNG.dayone.getData(dayone.java:46)
at TestNG.dayone.getData(dayone.java:46)
at TestNG.dayone.getData(dayone.java:46)
at TestNG.dayone.getData(dayone.java:46)
at TestNG.dayone.getData(dayone.java:46)
at TestNG.dayone.getData(dayone.java:46)
at TestNG.dayone.getData(dayone.java:46)
at TestNG.dayone.getData(dayone.java:46)
at TestNG.dayone.getData(dayone.java:46)
at TestNG.dayone.getData(dayone.java:46)
at TestNG.dayone.getData(dayone.java:46)
at TestNG.dayone.getData(dayone.java:46)
at TestNG.dayone.getData(dayone.java:46)
at TestNG.dayone.getData(dayone.java:46)
at TestNG.dayone.getData(dayone.java:46)
at TestNG.dayone.getData(dayone.java:46)
at TestNG.dayone.getData(dayone.java:46)
at TestNG.dayone.getData(dayone.java:46)
at TestNG.dayone.getData(dayone.java:46)
at TestNG.dayone.getData(dayone.java:46)
at TestNG.dayone.getData(dayone.java:46)
at TestNG.dayone.getData(dayone.java:46)
at TestNG.dayone.getData(dayone.java:46)
at TestNG.dayone.getData(dayone.java:46)
at TestNG.dayone.getData(dayone.java:46)
at TestNG.dayone.getData(dayone.java:46)
at TestNG.dayone.getData(dayone.java:46)
at TestNG.dayone.getData(dayone.java:46)
at TestNG.dayone.getData(dayone.java:46)
at TestNG.dayone.getData(dayone.java:46)
at TestNG.dayone.getData(dayone.java:46)
at TestNG.dayone.getData(dayone.java:46)
at TestNG.dayone.getData(dayone.java:46)
at TestNG.dayone.getData(dayone.java:46)
at TestNG.dayone.getData(dayone.java:46)
at TestNG.dayone.getData(dayone.java:46)
at TestNG.dayone.getData(dayone.java:46)
at TestNG.dayone.getData(dayone.java:46)
at TestNG.dayone.getData(dayone.java:46)
at TestNG.dayone.getData(dayone.java:46)
at TestNG.dayone.getData(dayone.java:46)
at TestNG.dayone.getData(dayone.java:46)
at TestNG.dayone.getData(dayone.java:46)
at TestNG.dayone.getData(dayone.java:46)
at TestNG.dayone.getData(dayone.java:46)
at TestNG.dayone.getData(dayone.java:46)
at TestNG.dayone.getData(dayone.java:46)
at TestNG.dayone.getData(dayone.java:46)
at TestNG.dayone.getData(dayone.java:46)
at TestNG.dayone.getData(dayone.java:46)
at TestNG.dayone.getData(dayone.java:46)
at TestNG.dayone.getData(dayone.java:46)
at TestNG.dayone.getData(dayone.java:46)
at TestNG.dayone.getData(dayone.java:46)
at TestNG.dayone.getData(dayone.java:46)
at TestNG.dayone.getData(dayone.java:46)
at TestNG.dayone.getData(dayone.java:46)
at TestNG.dayone.getData(dayone.java:46)
at TestNG.dayone.getData(dayone.java:46)
at TestNG.dayone.getData(dayone.java:46)
at TestNG.dayone.getData(dayone.java:46)
at TestNG.dayone.getData(dayone.java:46)
at TestNG.dayone.getData(dayone.java:46)
at TestNG.dayone.getData(dayone.java:46)
at TestNG.dayone.getData(dayone.java:46)
at TestNG.dayone.getData(dayone.java:46)
at TestNG.dayone.getData(dayone.java:46)
at TestNG.dayone.getData(dayone.java:46)
at TestNG.dayone.getData(dayone.java:46)
at TestNG.dayone.getData(dayone.java:46)
at TestNG.dayone.getData(dayone.java:46)
at TestNG.dayone.getData(dayone.java:46)
at TestNG.dayone.getData(dayone.java:46)
at TestNG.dayone.getData(dayone.java:46)
at TestNG.dayone.getData(dayone.java:46)
at TestNG.dayone.getData(dayone.java:46)
at TestNG.dayone.getData(dayone.java:46)
at TestNG.dayone.getData(dayone.java:46)
at TestNG.dayone.getData(dayone.java:46)
at TestNG.dayone.getData(dayone.java:46)
at TestNG.dayone.getData(dayone.java:46)
at TestNG.dayone.getData(dayone.java:46)
at TestNG.dayone.getData(dayone.java:46)
at TestNG.dayone.getData(dayone.java:46)
at TestNG.dayone.getData(dayone.java:46)
at TestNG.dayone.getData(dayone.java:46)
at TestNG.dayone.getData(dayone.java:46)
at TestNG.dayone.getData(dayone.java:46)
at TestNG.dayone.getData(dayone.java:46)
at TestNG.dayone.getData(dayone.java:46)
at TestNG.dayone.getData(dayone.java:46)
at TestNG.dayone.getData(dayone.java:46)
at TestNG.dayone.getData(dayone.java:46)
at TestNG.dayone.getData(dayone.java:46)
at TestNG.dayone.getData(dayone.java:46)
at TestNG.dayone.getData(dayone.java:46)
at TestNG.dayone.getData(dayone.java:46)
at TestNG.dayone.getData(dayone.java:46)
at TestNG.dayone.getData(dayone.java:46)
at TestNG.dayone.getData(dayone.java:46)
at TestNG.dayone.getData(dayone.java:46)
at TestNG.dayone.getData(dayone.java:46)
at TestNG.dayone.getData(dayone.java:46)
at TestNG.dayone.getData(dayone.java:46)
at TestNG.dayone.getData(dayone.java:46)
at TestNG.dayone.getData(dayone.java:46)
at TestNG.dayone.getData(dayone.java:46)
at TestNG.dayone.getData(dayone.java:46)
at TestNG.dayone.getData(dayone.java:46)
at TestNG.dayone.getData(dayone.java:46)
at TestNG.dayone.getData(dayone.java:46)
at TestNG.dayone.getData(dayone.java:46)
at TestNG.dayone.getData(dayone.java:46)
at TestNG.dayone.getData(dayone.java:46)
at TestNG.dayone.getData(dayone.java:46)
at TestNG.dayone.getData(dayone.java:46)
at TestNG.dayone.getData(dayone.java:46)
at TestNG.dayone.getData(dayone.java:46)
at TestNG.dayone.getData(dayone.java:46)
at TestNG.dayone.getData(dayone.java:46)
at TestNG.dayone.getData(dayone.java:46)
at TestNG.dayone.getData(dayone.java:46)
at TestNG.dayone.getData(dayone.java:46)
at TestNG.dayone.getData(dayone.java:46)
at TestNG.dayone.getData(dayone.java:46)
at TestNG.dayone.getData(dayone.java:46)
at TestNG.dayone.getData(dayone.java:46)
at TestNG.dayone.getData(dayone.java:46)
at TestNG.dayone.getData(dayone.java:46)
at TestNG.dayone.getData(dayone.java:46)
at TestNG.dayone.getData(dayone.java:46)
at TestNG.dayone.getData(dayone.java:46)
at TestNG.dayone.getData(dayone.java:46)
at TestNG.dayone.getData(dayone.java:46)
at TestNG.dayone.getData(dayone.java:46)
at TestNG.dayone.getData(dayone.java:46)
at TestNG.dayone.getData(dayone.java:46)
at TestNG.dayone.getData(dayone.java:46)
at TestNG.dayone.getData(dayone.java:46)
at TestNG.dayone.getData(dayone.java:46)
at TestNG.dayone.getData(dayone.java:46)
at TestNG.dayone.getData(dayone.java:46)
at TestNG.dayone.getData(dayone.java:46)
at TestNG.dayone.getData(dayone.java:46)
at TestNG.dayone.getData(dayone.java:46)
at TestNG.dayone.getData(dayone.java:46)
at TestNG.dayone.getData(dayone.java:46)
at TestNG.dayone.getData(dayone.java:46)
at TestNG.dayone.getData(dayone.java:46)
at TestNG.dayone.getData(dayone.java:46)
at TestNG.dayone.getData(dayone.java:46)
at TestNG.dayone.getData(dayone.java:46)
at TestNG.dayone.getData(dayone.java:46)
at TestNG.dayone.getData(dayone.java:46)
at TestNG.dayone.getData(dayone.java:46)
at TestNG.dayone.getData(dayone.java:46)
at TestNG.dayone.getData(dayone.java:46)
at TestNG.dayone.getData(dayone.java:46)
at TestNG.dayone.getData(dayone.java:46)
at TestNG.dayone.getData(dayone.java:46)
at TestNG.dayone.getData(dayone.java:46)
at TestNG.dayone.getData(dayone.java:46)
at TestNG.dayone.getData(dayone.java:46)
at TestNG.dayone.getData(dayone.java:46)
at TestNG.dayone.getData(dayone.java:46)
at TestNG.dayone.getData(dayone.java:46)
at TestNG.dayone.getData(dayone.java:46)
at TestNG.dayone.getData(dayone.java:46)
at TestNG.dayone.getData(dayone.java:46)
at TestNG.dayone.getData(dayone.java:46)
at TestNG.dayone.getData(dayone.java:46)
at TestNG.dayone.getData(dayone.java:46)
at TestNG.dayone.getData(dayone.java:46)
at TestNG.dayone.getData(dayone.java:46)
at TestNG.dayone.getData(dayone.java:46)
at TestNG.dayone.getData(dayone.java:46)
at TestNG.dayone.getData(dayone.java:46)
at TestNG.dayone.getData(dayone.java:46)
at TestNG.dayone.getData(dayone.java:46)
at TestNG.dayone.getData(dayone.java:46)
at TestNG.dayone.getData(dayone.java:46)
at TestNG.dayone.getData(dayone.java:46)
at TestNG.dayone.getData(dayone.java:46)
at TestNG.dayone.getData(dayone.java:46)
at TestNG.dayone.getData(dayone.java:46)
at TestNG.dayone.getData(dayone.java:46)
at TestNG.dayone.getData(dayone.java:46)
at TestNG.dayone.getData(dayone.java:46)
at TestNG.dayone.getData(dayone.java:46)
at TestNG.dayone.getData(dayone.java:46)
at TestNG.dayone.getData(dayone.java:46)
at TestNG.dayone.getData(dayone.java:46)
at TestNG.dayone.getData(dayone.java:46)
at TestNG.dayone.getData(dayone.java:46)
at TestNG.dayone.getData(dayone.java:46)
at TestNG.dayone.getData(dayone.java:46)
at TestNG.dayone.getData(dayone.java:46)
at TestNG.dayone.getData(dayone.java:46)
at TestNG.dayone.getData(dayone.java:46)
at TestNG.dayone.getData(dayone.java:46)
at TestNG.dayone.getData(dayone.java:46)
at TestNG.dayone.getData(dayone.java:46)
at TestNG.dayone.getData(dayone.java:46)
at TestNG.dayone.getData(dayone.java:46)
at TestNG.dayone.getData(dayone.java:46)
at TestNG.dayone.getData(dayone.java:46)
at TestNG.dayone.getData(dayone.java:46)
at TestNG.dayone.getData(dayone.java:46)
at TestNG.dayone.getData(dayone.java:46)
at TestNG.dayone.getData(dayone.java:46)
at TestNG.dayone.getData(dayone.java:46)
at TestNG.dayone.getData(dayone.java:46)
at TestNG.dayone.getData(dayone.java:46)
at TestNG.dayone.getData(dayone.java:46)
at TestNG.dayone.getData(dayone.java:46)
at TestNG.dayone.getData(dayone.java:46)
at TestNG.dayone.getData(dayone.java:46)
at TestNG.dayone.getData(dayone.java:46)
at TestNG.dayone.getData(dayone.java:46)
at TestNG.dayone.getData(dayone.java:46)
at TestNG.dayone.getData(dayone.java:46)
at TestNG.dayone.getData(dayone.java:46)
at TestNG.dayone.getData(dayone.java:46)
at TestNG.dayone.getData(dayone.java:46)
at TestNG.dayone.getData(dayone.java:46)
at TestNG.dayone.getData(dayone.java:46)
at TestNG.dayone.getData(dayone.java:46)
at TestNG.dayone.getData(dayone.java:46)
at TestNG.dayone.getData(dayone.java:46)
at TestNG.dayone.getData(dayone.java:46)
at TestNG.dayone.getData(dayone.java:46)
at TestNG.dayone.getData(dayone.java:46)
at TestNG.dayone.getData(dayone.java:46)
at TestNG.dayone.getData(dayone.java:46)
at TestNG.dayone.getData(dayone.java:46)
at TestNG.dayone.getData(dayone.java:46)
at TestNG.dayone.getData(dayone.java:46)
at TestNG.dayone.getData(dayone.java:46)
at TestNG.dayone.getData(dayone.java:46)
at TestNG.dayone.getData(dayone.java:46)
at TestNG.dayone.getData(dayone.java:46)
at TestNG.dayone.getData(dayone.java:46)
at TestNG.dayone.getData(dayone.java:46)
at TestNG.dayone.getData(dayone.java:46)
at TestNG.dayone.getData(dayone.java:46)
at TestNG.dayone.getData(dayone.java:46)
at TestNG.dayone.getData(dayone.java:46)
at TestNG.dayone.getData(dayone.java:46)
at TestNG.dayone.getData(dayone.java:46)
at TestNG.dayone.getData(dayone.java:46)
at TestNG.dayone.getData(dayone.java:46)
at TestNG.dayone.getData(dayone.java:46)
at TestNG.dayone.getData(dayone.java:46)
at TestNG.dayone.getData(dayone.java:46)
at TestNG.dayone.getData(dayone.java:46)
at TestNG.dayone.getData(dayone.java:46)
at TestNG.dayone.getData(dayone.java:46)
at TestNG.dayone.getData(dayone.java:46)
at TestNG.dayone.getData(dayone.java:46)
at TestNG.dayone.getData(dayone.java:46)
at TestNG.dayone.getData(dayone.java:46)
at TestNG.dayone.getData(dayone.java:46)
at TestNG.dayone.getData(dayone.java:46)
at TestNG.dayone.getData(dayone.java:46)
at TestNG.dayone.getData(dayone.java:46)
at TestNG.dayone.getData(dayone.java:46)
at TestNG.dayone.getData(dayone.java:46)
at TestNG.dayone.getData(dayone.java:46)
at TestNG.dayone.getData(dayone.java:46)
at TestNG.dayone.getData(dayone.java:46)
at TestNG.dayone.getData(dayone.java:46)
at TestNG.dayone.getData(dayone.java:46)
at TestNG.dayone.getData(dayone.java:46)
at TestNG.dayone.getData(dayone.java:46)
at TestNG.dayone.getData(dayone.java:46)
at TestNG.dayone.getData(dayone.java:46)
at TestNG.dayone.getData(dayone.java:46)
at TestNG.dayone.getData(dayone.java:46)
at TestNG.dayone.getData(dayone.java:46)
at TestNG.dayone.getData(dayone.java:46)
at TestNG.dayone.getData(dayone.java:46)
at TestNG.dayone.getData(dayone.java:46)
at TestNG.dayone.getData(dayone.java:46)
at TestNG.dayone.getData(dayone.java:46)
at TestNG.dayone.getData(dayone.java:46)
at TestNG.dayone.getData(dayone.java:46)
at TestNG.dayone.getData(dayone.java:46)
at TestNG.dayone.getData(dayone.java:46)
at TestNG.dayone.getData(dayone.java:46)
at TestNG.dayone.getData(dayone.java:46)
at TestNG.dayone.getData(dayone.java:46)
at TestNG.dayone.getData(dayone.java:46)
at TestNG.dayone.getData(dayone.java:46)
at TestNG.dayone.getData(dayone.java:46)
at TestNG.dayone.getData(dayone.java:46)
at TestNG.dayone.getData(dayone.java:46)
at TestNG.dayone.getData(dayone.java:46)
at TestNG.dayone.getData(dayone.java:46)
at TestNG.dayone.getData(dayone.java:46)
at TestNG.dayone.getData(dayone.java:46)
at TestNG.dayone.getData(dayone.java:46)
at TestNG.dayone.getData(dayone.java:46)
at TestNG.dayone.getData(dayone.java:46)
at TestNG.dayone.getData(dayone.java:46)
at TestNG.dayone.getData(dayone.java:46)
at TestNG.dayone.getData(dayone.java:46)
at TestNG.dayone.getData(dayone.java:46)
at TestNG.dayone.getData(dayone.java:46)
at TestNG.dayone.getData(dayone.java:46)
at TestNG.dayone.getData(dayone.java:46)
at TestNG.dayone.getData(dayone.java:46)
at TestNG.dayone.getData(dayone.java:46)
at TestNG.dayone.getData(dayone.java:46)
at TestNG.dayone.getData(dayone.java:46)
at TestNG.dayone.getData(dayone.java:46)
at TestNG.dayone.getData(dayone.java:46)
at TestNG.dayone.getData(dayone.java:46)
at TestNG.dayone.getData(dayone.java:46)
at TestNG.dayone.getData(dayone.java:46)
at TestNG.dayone.getData(dayone.java:46)
at TestNG.dayone.getData(dayone.java:46)
at TestNG.dayone.getData(dayone.java:46)
at TestNG.dayone.getData(dayone.java:46)
at TestNG.dayone.getData(dayone.java:46)
at TestNG.dayone.getData(dayone.java:46)
at TestNG.dayone.getData(dayone.java:46)
at TestNG.dayone.getData(dayone.java:46)
at TestNG.dayone.getData(dayone.java:46)
at TestNG.dayone.getData(dayone.java:46)
at TestNG.dayone.getData(dayone.java:46)
at TestNG.dayone.getData(dayone.java:46)
at TestNG.dayone.getData(dayone.java:46)
at TestNG.dayone.getData(dayone.java:46)
at TestNG.dayone.getData(dayone.java:46)
at TestNG.dayone.getData(dayone.java:46)
at TestNG.dayone.getData(dayone.java:46)
at TestNG.dayone.getData(dayone.java:46)
at TestNG.dayone.getData(dayone.java:46)
at TestNG.dayone.getData(dayone.java:46)
at TestNG.dayone.getData(dayone.java:46)
at TestNG.dayone.getData(dayone.java:46)
at TestNG.dayone.getData(dayone.java:46)
at TestNG.dayone.getData(dayone.java:46)
at TestNG.dayone.getData(dayone.java:46)
at TestNG.dayone.getData(dayone.java:46)
at TestNG.dayone.getData(dayone.java:46)
at TestNG.dayone.getData(dayone.java:46)
at TestNG.dayone.getData(dayone.java:46)
at TestNG.dayone.getData(dayone.java:46)
at TestNG.dayone.getData(dayone.java:46)
at TestNG.dayone.getData(dayone.java:46)
at TestNG.dayone.getData(dayone.java:46)
at TestNG.dayone.getData(dayone.java:46)
at TestNG.dayone.getData(dayone.java:46)
at TestNG.dayone.getData(dayone.java:46)
at TestNG.dayone.getData(dayone.java:46)
at TestNG.dayone.getData(dayone.java:46)
at TestNG.dayone.getData(dayone.java:46)
at TestNG.dayone.getData(dayone.java:46)
at TestNG.dayone.getData(dayone.java:46)
at TestNG.dayone.getData(dayone.java:46)
at TestNG.dayone.getData(dayone.java:46)
at TestNG.dayone.getData(dayone.java:46)
at TestNG.dayone.getData(dayone.java:46)
at TestNG.dayone.getData(dayone.java:46)
at TestNG.dayone.getData(dayone.java:46)
at TestNG.dayone.getData(dayone.java:46)
at TestNG.dayone.getData(dayone.java:46)
at TestNG.dayone.getData(dayone.java:46)
at TestNG.dayone.getData(dayone.java:46)
at TestNG.dayone.getData(dayone.java:46)
at TestNG.dayone.getData(dayone.java:46)
at TestNG.dayone.getData(dayone.java:46)
at TestNG.dayone.getData(dayone.java:46)
at TestNG.dayone.getData(dayone.java:46)
at TestNG.dayone.getData(dayone.java:46)
at TestNG.dayone.getData(dayone.java:46)
at TestNG.dayone.getData(dayone.java:46)
at TestNG.dayone.getData(dayone.java:46)
at TestNG.dayone.getData(dayone.java:46)
at TestNG.dayone.getData(dayone.java:46)
at TestNG.dayone.getData(dayone.java:46)
at TestNG.dayone.getData(dayone.java:46)
at TestNG.dayone.getData(dayone.java:46)
at TestNG.dayone.getData(dayone.java:46)
at TestNG.dayone.getData(dayone.java:46)
at TestNG.dayone.getData(dayone.java:46)
at TestNG.dayone.getData(dayone.java:46)
at TestNG.dayone.getData(dayone.java:46)
at TestNG.dayone.getData(dayone.java:46)
at TestNG.dayone.getData(dayone.java:46)
at TestNG.dayone.getData(dayone.java:46)
at TestNG.dayone.getData(dayone.java:46)
at TestNG.dayone.getData(dayone.java:46)
at TestNG.dayone.getData(dayone.java:46)
at TestNG.dayone.getData(dayone.java:46)
at TestNG.dayone.getData(dayone.java:46)
at TestNG.dayone.getData(dayone.java:46)
at TestNG.dayone.getData(dayone.java:46)
at TestNG.dayone.getData(dayone.java:46)
at TestNG.dayone.getData(dayone.java:46)
at TestNG.dayone.getData(dayone.java:46)
at TestNG.dayone.getData(dayone.java:46)
at TestNG.dayone.getData(dayone.java:46)
at TestNG.dayone.getData(dayone.java:46)
at TestNG.dayone.getData(dayone.java:46)
at TestNG.dayone.getData(dayone.java:46)
at TestNG.dayone.getData(dayone.java:46)
at TestNG.dayone.getData(dayone.java:46)
at TestNG.dayone.getData(dayone.java:46)
at TestNG.dayone.getData(dayone.java:46)
at TestNG.dayone.getData(dayone.java:46)
at TestNG.dayone.getData(dayone.java:46)
at TestNG.dayone.getData(dayone.java:46)
at TestNG.dayone.getData(dayone.java:46)
at TestNG.dayone.getData(dayone.java:46)
at TestNG.dayone.getData(dayone.java:46)
at TestNG.dayone.getData(dayone.java:46)
at TestNG.dayone.getData(dayone.java:46)
at TestNG.dayone.getData(dayone.java:46)
at TestNG.dayone.getData(dayone.java:46)
at TestNG.dayone.getData(dayone.java:46)
at TestNG.dayone.getData(dayone.java:46)
at TestNG.dayone.getData(dayone.java:46)
at TestNG.dayone.getData(dayone.java:46)
at TestNG.dayone.getData(dayone.java:46)
at TestNG.dayone.getData(dayone.java:46)
at TestNG.dayone.getData(dayone.java:46)
at TestNG.dayone.getData(dayone.java:46)
at TestNG.dayone.getData(dayone.java:46)
at TestNG.dayone.getData(dayone.java:46)
at TestNG.dayone.getData(dayone.java:46)
at TestNG.dayone.getData(dayone.java:46)
at TestNG.dayone.getData(dayone.java:46)
at TestNG.dayone.getData(dayone.java:46)
at TestNG.dayone.getData(dayone.java:46)
at TestNG.dayone.getData(dayone.java:46)
at TestNG.dayone.getData(dayone.java:46)
at TestNG.dayone.getData(dayone.java:46)
at TestNG.dayone.getData(dayone.java:46)
at TestNG.dayone.getData(dayone.java:46)
at TestNG.dayone.getData(dayone.java:46)
at TestNG.dayone.getData(dayone.java:46)
at TestNG.dayone.getData(dayone.java:46)
at TestNG.dayone.getData(dayone.java:46)
... Removed 25 stack frames]]>
    </failure>
  </testcase> <!-- loginApiCarLoan -->
  <testcase classname="TestNG.dayone" name="mobileLoginCarLoan" time="0.003"/>
  <testcase classname="TestNG.dayone" name="webLoginCarLoan" time="0.002"/>
  <testcase classname="TestNG.daytwo" name="loginApiHomeLoan" time="0.003"/>
  <testcase classname="TestNG.daytwo" name="mobileLoginHomeLoan" time="0.003"/>
  <testcase classname="TestNG.daytwo" name="mobilesigninHomeLoan" time="0.002"/>
  <testcase classname="TestNG.daytwo" name="mobilesignoutHomeLoan" time="0.004"/>
  <testcase classname="TestNG.daytwo" name="mobilesignupHomeLoan" time="0.002"/>
  <testcase classname="TestNG.daytwo" name="webLoginHomeLoan" time="0.002"/>
</testsuite> <!-- car loan -->
