<?xml version="1.0" encoding="UTF-8"?>
<!-- Generated by org.testng.reporters.JUnitXMLReporter -->
<testsuite ignored="0" hostname="saritha" failures="0" tests="5" name="Test" time="0.073" errors="0" timestamp="2023-07-18T12:11:48 IST">
  <testcase classname="streamlearning.JavaStreams" name="list" time="0.01"/>
  <testcase classname="streamlearning.JavaStreams" name="map" time="0.005"/>
  <testcase classname="streamlearning.JavaStreams" name="regular" time="0.002"/>
  <testcase classname="streamlearning.JavaStreams" name="streamtest" time="0.006"/>
  <testcase classname="TestNG.tests" name="regular" time="0.001"/>
</testsuite> <!-- Test -->
