<?xml version="1.0" encoding="UTF-8"?>
<!-- Generated by org.testng.reporters.JUnitXMLReporter -->
<testsuite ignored="6" hostname="saritha" failures="0" tests="2" name="regression" time="0.066" errors="0" timestamp="2023-07-23T16:27:49 IST">
  <testcase classname="TestNG.tests" name="regular" time="0.009"/>
  <testcase classname="TestNG.daytwo" name="mobilesignoutHomeLoan" time="0.005"/>
  <testcase classname="TestNG.daytwo" name="mobileLoginHomeLoan" time="0.0">
    <ignored/>
  </testcase> <!-- mobileLoginHomeLoan -->
  <testcase classname="TestNG.daytwo" name="mobilesignupHomeLoan" time="0.0">
    <ignored/>
  </testcase> <!-- mobilesignupHomeLoan -->
  <testcase classname="TestNG.daytwo" name="mobilesigninHomeLoan" time="0.0">
    <ignored/>
  </testcase> <!-- mobilesigninHomeLoan -->
  <testcase classname="TestNG.daytwo" name="loginApiHomeLoan" time="0.0">
    <ignored/>
  </testcase> <!-- loginApiHomeLoan -->
  <testcase classname="TestNG.tests" name="name" time="0.0">
    <ignored/>
  </testcase> <!-- name -->
  <testcase classname="TestNG.daytwo" name="webLoginHomeLoan" time="0.0">
    <ignored/>
  </testcase> <!-- webLoginHomeLoan -->
</testsuite> <!-- regression -->
