<?xml version="1.0" encoding="UTF-8"?>
<testng-results ignored="0" total="1" passed="1" failed="0" skipped="0">
  <reporter-output>
  </reporter-output>
  <suite started-at="2023-07-24T16:15:59 IST" name="Default suite" finished-at="2023-07-24T16:15:59 IST" duration-ms="55">
    <groups>
    </groups>
    <test started-at="2023-07-24T16:15:59 IST" name="Default test" finished-at="2023-07-24T16:15:59 IST" duration-ms="55">
      <class name="corejavaconcepts.PS1">
        <test-method is-config="true" signature="demo()[pri:0, instance:corejavaconcepts.PS1@5e600dd5]" started-at="2023-07-24T16:15:59 IST" name="demo" finished-at="2023-07-24T16:15:59 IST" duration-ms="8" status="PASS">
          <reporter-output>
          </reporter-output>
        </test-method> <!-- demo -->
        <test-method signature="add()[pri:0, instance:corejavaconcepts.PS1@5e600dd5]" started-at="2023-07-24T16:15:59 IST" name="add" finished-at="2023-07-24T16:15:59 IST" duration-ms="5" status="PASS">
          <reporter-output>
          </reporter-output>
        </test-method> <!-- add -->
        <test-method is-config="true" signature="sub()[pri:0, instance:corejavaconcepts.PS1@5e600dd5]" started-at="2023-07-24T16:15:59 IST" name="sub" finished-at="2023-07-24T16:15:59 IST" duration-ms="1" status="PASS">
          <reporter-output>
          </reporter-output>
        </test-method> <!-- sub -->
      </class> <!-- corejavaconcepts.PS1 -->
    </test> <!-- Default test -->
  </suite> <!-- Default suite -->
</testng-results>
